<?xml version="1.0" encoding="UTF-8"?>
<!-- Generated by org.testng.reporters.JUnitReportReporter -->
<testsuite hostname="Mohammad" failures="0" tests="2" name="craterTests.DataBaseValidation" time="39.345" errors="0" timestamp="2023-09-19T20:53:22 EDT" skipped="0">
  <testcase classname="craterTests.DataBaseValidation" name="testCase2" time="22.565"/>
  <system-out/>
  <testcase classname="craterTests.DataBaseValidation" name="testCase1" time="16.780"/>
  <system-out/>
</testsuite> <!-- craterTests.DataBaseValidation -->
