<?xml version="1.0" encoding="UTF-8"?>
<!-- Generated by org.testng.reporters.JUnitReportReporter -->
<testsuite hostname="Mohammad" failures="0" tests="7" name="tests.ProviderExcel" time="15.939" errors="0" timestamp="2023-09-19T21:22:48 EDT" skipped="0">
  <testcase classname="tests.ProviderExcel" name="amazonSearch" time="3.355"/>
  <system-out/>
  <testcase classname="tests.ProviderExcel" name="amazonSearch" time="1.961"/>
  <system-out/>
  <testcase classname="tests.ProviderExcel" name="amazonSearch" time="1.793"/>
  <system-out/>
  <testcase classname="tests.ProviderExcel" name="amazonSearch" time="2.782"/>
  <system-out/>
  <testcase classname="tests.ProviderExcel" name="amazonSearch" time="1.601"/>
  <system-out/>
  <testcase classname="tests.ProviderExcel" name="amazonSearch" time="1.707"/>
  <system-out/>
  <testcase classname="tests.ProviderExcel" name="amazonSearch" time="2.740"/>
  <system-out/>
</testsuite> <!-- tests.ProviderExcel -->
