<?xml version="1.0" encoding="UTF-8"?>
<!-- Generated by org.testng.reporters.JUnitReportReporter -->
<testsuite hostname="Mohammad" failures="0" tests="7" name="tests.ProviderExcel" time="28.693" errors="0" timestamp="2023-09-20T14:42:46 EDT" skipped="0">
  <testcase classname="tests.ProviderExcel" name="amazonSearch" time="2.212"/>
  <system-out/>
  <testcase classname="tests.ProviderExcel" name="amazonSearch" time="3.036"/>
  <system-out/>
  <testcase classname="tests.ProviderExcel" name="amazonSearch" time="1.929"/>
  <system-out/>
  <testcase classname="tests.ProviderExcel" name="amazonSearch" time="9.203"/>
  <system-out/>
  <testcase classname="tests.ProviderExcel" name="amazonSearch" time="6.999"/>
  <system-out/>
  <testcase classname="tests.ProviderExcel" name="amazonSearch" time="2.445"/>
  <system-out/>
  <testcase classname="tests.ProviderExcel" name="amazonSearch" time="2.869"/>
  <system-out/>
</testsuite> <!-- tests.ProviderExcel -->
