<?xml version="1.0" encoding="UTF-8"?>
<!-- Generated by org.testng.reporters.JUnitReportReporter -->
<testsuite hostname="Mohammad" failures="0" tests="4" name="tests.doubleArrSauce" time="18.987" errors="0" timestamp="2023-09-19T21:24:20 EDT" skipped="0">
  <testcase classname="tests.doubleArrSauce" name="login" time="2.201"/>
  <system-out/>
  <testcase classname="tests.doubleArrSauce" name="login" time="15.448"/>
  <system-out/>
  <testcase classname="tests.doubleArrSauce" name="login" time="0.463"/>
  <system-out/>
  <testcase classname="tests.doubleArrSauce" name="login" time="0.875"/>
  <system-out/>
</testsuite> <!-- tests.doubleArrSauce -->
