<?xml version="1.0" encoding="UTF-8"?>
<!-- Generated by org.testng.reporters.JUnitReportReporter -->
<testsuite hostname="Mohammad" failures="0" tests="3" name="tests.Provider" time="25.099" errors="0" timestamp="2023-09-20T14:42:03 EDT" skipped="0">
  <testcase classname="tests.Provider" name="searchTest" time="7.421"/>
  <system-out/>
  <testcase classname="tests.Provider" name="searchTest" time="2.948"/>
  <system-out/>
  <testcase classname="tests.Provider" name="searchTest" time="14.730"/>
  <system-out/>
</testsuite> <!-- tests.Provider -->
