<?xml version="1.0" encoding="UTF-8"?>
<!-- Generated by org.testng.reporters.JUnitReportReporter -->
<testsuite hostname="Mohammad" failures="0" tests="6" name="swaggerApi.PetstoreTests" time="3.318" errors="0" timestamp="2023-09-18T18:46:26 EDT" skipped="0">
  <testcase classname="swaggerApi.PetstoreTests" name="addPet" time="2.547"/>
  <system-out/>
  <testcase classname="swaggerApi.PetstoreTests" name="cleanup" time="0.127"/>
  <system-out/>
  <testcase classname="swaggerApi.PetstoreTests" name="updatePet" time="0.156"/>
  <system-out/>
  <testcase classname="swaggerApi.PetstoreTests" name="getByID" time="0.206"/>
  <system-out/>
  <testcase classname="swaggerApi.PetstoreTests" name="findByStatus" time="0.135"/>
  <system-out/>
  <testcase classname="swaggerApi.PetstoreTests" name="invalidUpdate" time="0.147"/>
  <system-out/>
</testsuite> <!-- swaggerApi.PetstoreTests -->
