<?xml version="1.0" encoding="UTF-8"?>
<!-- Generated by org.testng.reporters.JUnitReportReporter -->
<testsuite hostname="Mohammad" failures="0" tests="3" name="tests.SauceTestNG" time="4.585" errors="0" timestamp="2023-09-10T15:27:37 EDT" skipped="0">
  <testcase classname="tests.SauceTestNG" name="lockedOutUser" time="2.602"/>
  <system-out/>
  <testcase classname="tests.SauceTestNG" name="invalidUserLogin" time="1.068"/>
  <system-out/>
  <testcase classname="tests.SauceTestNG" name="validUserLogin" time="0.915"/>
  <system-out/>
</testsuite> <!-- tests.SauceTestNG -->
