<?xml version="1.0" encoding="UTF-8"?>
<!-- Generated by org.testng.reporters.JUnitReportReporter -->
<testsuite hostname="Mohammad" failures="0" tests="3" name="swaggerApi.morePetStoreTests" time="2.173" errors="0" timestamp="2023-09-14T16:53:09 EDT" skipped="0">
  <testcase classname="swaggerApi.morePetStoreTests" name="case3" time="0.118"/>
  <system-out/>
  <testcase classname="swaggerApi.morePetStoreTests" name="case1" time="1.880"/>
  <system-out/>
  <testcase classname="swaggerApi.morePetStoreTests" name="case2" time="0.175"/>
  <system-out/>
</testsuite> <!-- swaggerApi.morePetStoreTests -->
