<?xml version="1.0" encoding="UTF-8"?>
<!-- Generated by org.testng.reporters.JUnitReportReporter -->
<testsuite hostname="Mohammad" failures="0" tests="3" name="tests.Provider" time="7.996" errors="0" timestamp="2023-09-19T21:22:48 EDT" skipped="0">
  <testcase classname="tests.Provider" name="searchTest" time="2.200"/>
  <system-out/>
  <testcase classname="tests.Provider" name="searchTest" time="1.646"/>
  <system-out/>
  <testcase classname="tests.Provider" name="searchTest" time="4.150"/>
  <system-out/>
</testsuite> <!-- tests.Provider -->
