<?xml version="1.0" encoding="UTF-8"?>
<!-- Generated by org.testng.reporters.JUnitReportReporter -->
<testsuite hostname="Mohammad" failures="0" tests="4" name="tests.doubleArrSauce" time="12.711" errors="0" timestamp="2023-09-09T16:58:08 EDT" skipped="0">
  <testcase classname="tests.doubleArrSauce" name="login" time="0.680"/>
  <system-out/>
  <testcase classname="tests.doubleArrSauce" name="login" time="10.401"/>
  <system-out/>
  <testcase classname="tests.doubleArrSauce" name="login" time="0.624"/>
  <system-out/>
  <testcase classname="tests.doubleArrSauce" name="login" time="1.006"/>
  <system-out/>
</testsuite> <!-- tests.doubleArrSauce -->
