<?xml version="1.0" encoding="UTF-8"?>
<!-- Generated by org.testng.reporters.JUnitReportReporter -->
<testsuite hostname="Mohammad" failures="0" tests="4" name="tests.doubleArrSauce" time="11.466" errors="0" timestamp="2023-09-16T15:44:05 EDT" skipped="0">
  <testcase classname="tests.doubleArrSauce" name="login" time="0.260"/>
  <system-out/>
  <testcase classname="tests.doubleArrSauce" name="login" time="0.235"/>
  <system-out/>
  <testcase classname="tests.doubleArrSauce" name="login" time="0.294"/>
  <system-out/>
  <testcase classname="tests.doubleArrSauce" name="login" time="10.677"/>
  <system-out/>
</testsuite> <!-- tests.doubleArrSauce -->
