<?xml version="1.0" encoding="UTF-8"?>
<!-- Generated by org.testng.reporters.JUnitReportReporter -->
<testsuite hostname="Mohammad" failures="0" tests="3" name="tests.SauceTestNG" time="2.232" errors="0" timestamp="2023-09-19T21:22:48 EDT" skipped="0">
  <testcase classname="tests.SauceTestNG" name="lockedOutUser" time="0.466"/>
  <system-out/>
  <testcase classname="tests.SauceTestNG" name="invalidUserLogin" time="0.678"/>
  <system-out/>
  <testcase classname="tests.SauceTestNG" name="validUserLogin" time="1.088"/>
  <system-out/>
</testsuite> <!-- tests.SauceTestNG -->
