<?xml version="1.0" encoding="UTF-8"?>
<!-- Generated by org.testng.reporters.JUnitReportReporter -->
<testsuite hostname="Mohammad" failures="0" tests="7" name="tests.ProviderExcel" time="34.492" errors="0" timestamp="2023-09-06T16:19:45 EDT" skipped="0">
  <testcase classname="tests.ProviderExcel" name="amazonSearch" time="2.698"/>
  <system-out/>
  <testcase classname="tests.ProviderExcel" name="amazonSearch" time="2.693"/>
  <system-out/>
  <testcase classname="tests.ProviderExcel" name="amazonSearch" time="8.566"/>
  <system-out/>
  <testcase classname="tests.ProviderExcel" name="amazonSearch" time="2.720"/>
  <system-out/>
  <testcase classname="tests.ProviderExcel" name="amazonSearch" time="2.185"/>
  <system-out/>
  <testcase classname="tests.ProviderExcel" name="amazonSearch" time="6.325"/>
  <system-out/>
  <testcase classname="tests.ProviderExcel" name="amazonSearch" time="9.305"/>
  <system-out/>
</testsuite> <!-- tests.ProviderExcel -->
