<?xml version="1.0" encoding="UTF-8"?>
<!-- Generated by org.testng.reporters.JUnitReportReporter -->
<testsuite hostname="Mohammad" failures="0" tests="4" name="tests.doubleArrSauce" time="11.827" errors="0" timestamp="2023-09-20T14:35:28 EDT" skipped="0">
  <testcase classname="tests.doubleArrSauce" name="login" time="0.671"/>
  <system-out/>
  <testcase classname="tests.doubleArrSauce" name="login" time="0.592"/>
  <system-out/>
  <testcase classname="tests.doubleArrSauce" name="login" time="9.913"/>
  <system-out/>
  <testcase classname="tests.doubleArrSauce" name="login" time="0.651"/>
  <system-out/>
</testsuite> <!-- tests.doubleArrSauce -->
