<?xml version="1.0" encoding="UTF-8"?>
<!-- Generated by org.testng.reporters.JUnitReportReporter -->
<testsuite hostname="Mohammad" failures="0" tests="6" name="swaggerApi.PetstoreTests" time="2.759" errors="0" timestamp="2023-09-14T15:34:47 EDT" skipped="0">
  <testcase classname="swaggerApi.PetstoreTests" name="findByStatus" time="0.114"/>
  <system-out/>
  <testcase classname="swaggerApi.PetstoreTests" name="getByID" time="0.202"/>
  <system-out/>
  <testcase classname="swaggerApi.PetstoreTests" name="updatePet" time="0.167"/>
  <system-out/>
  <testcase classname="swaggerApi.PetstoreTests" name="addPet" time="2.014"/>
  <system-out/>
  <testcase classname="swaggerApi.PetstoreTests" name="cleanup" time="0.116"/>
  <system-out/>
  <testcase classname="swaggerApi.PetstoreTests" name="invalidUpdate" time="0.146"/>
  <system-out/>
</testsuite> <!-- swaggerApi.PetstoreTests -->
