<?xml version="1.0" encoding="UTF-8"?>
<!-- Generated by org.testng.reporters.JUnitReportReporter -->
<testsuite hostname="Mohammad" failures="0" tests="3" name="tests.SauceTestNG" time="5.561" errors="0" timestamp="2023-09-20T14:43:12 EDT" skipped="0">
  <testcase classname="tests.SauceTestNG" name="validUserLogin" time="2.668"/>
  <system-out/>
  <testcase classname="tests.SauceTestNG" name="invalidUserLogin" time="2.030"/>
  <system-out/>
  <testcase classname="tests.SauceTestNG" name="lockedOutUser" time="0.863"/>
  <system-out/>
</testsuite> <!-- tests.SauceTestNG -->
